\BOOKMARK [1][-]{section.1}{\376\377\000O\000b\000j\000e\000c\000t\000i\000v\000e\000s}{}% 1
\BOOKMARK [1][-]{section.2}{\376\377\000T\000o\000o\000l\000s\000\040\000a\000n\000d\000\040\000E\000q\000u\000i\000p\000m\000e\000n\000t}{}% 2
\BOOKMARK [2][-]{subsection.2.1}{\376\377\000R\000e\000q\000u\000i\000r\000e\000d\000\040\000S\000o\000f\000t\000w\000a\000r\000e}{section.2}% 3
\BOOKMARK [2][-]{subsection.2.2}{\376\377\000H\000a\000r\000d\000w\000a\000r\000e\000\040\000I\000n\000f\000r\000a\000s\000t\000r\000u\000c\000t\000u\000r\000e}{section.2}% 4
\BOOKMARK [1][-]{section.3}{\376\377\000I\000n\000t\000r\000o\000d\000u\000c\000t\000i\000o\000n}{}% 5
\BOOKMARK [1][-]{section.4}{\376\377\000P\000a\000r\000t\000\040\0001\000:\000\040\000B\000a\000s\000i\000c\000\040\000S\000w\000i\000t\000c\000h\000\040\000C\000o\000n\000f\000i\000g\000u\000r\000a\000t\000i\000o\000n}{}% 6
\BOOKMARK [2][-]{subsection.4.1}{\376\377\0001\000.\0001\000\040\000N\000e\000t\000w\000o\000r\000k\000\040\000T\000o\000p\000o\000l\000o\000g\000y}{section.4}% 7
\BOOKMARK [2][-]{subsection.4.2}{\376\377\0001\000.\0002\000\040\000C\000o\000n\000s\000o\000l\000e\000\040\000C\000o\000n\000n\000e\000c\000t\000i\000o\000n}{section.4}% 8
\BOOKMARK [2][-]{subsection.4.3}{\376\377\0001\000.\0003\000\040\000S\000w\000i\000t\000c\000h\000\040\000C\000o\000n\000f\000i\000g\000u\000r\000a\000t\000i\000o\000n\000\040\000C\000o\000m\000m\000a\000n\000d\000s}{section.4}% 9
\BOOKMARK [2][-]{subsection.4.4}{\376\377\0001\000.\0004\000\040\000C\000o\000n\000f\000i\000g\000u\000r\000a\000t\000i\000o\000n\000\040\000V\000e\000r\000i\000f\000i\000c\000a\000t\000i\000o\000n}{section.4}% 10
\BOOKMARK [2][-]{subsection.4.5}{\376\377\0001\000.\0005\000\040\000C\000o\000n\000n\000e\000c\000t\000i\000v\000i\000t\000y\000\040\000T\000e\000s\000t\000i\000n\000g}{section.4}% 11
\BOOKMARK [2][-]{subsection.4.6}{\376\377\0001\000.\0006\000\040\000W\000i\000r\000e\000s\000h\000a\000r\000k\000\040\000E\000t\000h\000e\000r\000n\000e\000t\000\040\000F\000r\000a\000m\000e\000\040\000A\000n\000a\000l\000y\000s\000i\000s}{section.4}% 12
\BOOKMARK [1][-]{section.5}{\376\377\000P\000a\000r\000t\000\040\0002\000:\000\040\000L\000a\000r\000g\000e\000r\000\040\000S\000w\000i\000t\000c\000h\000\040\000N\000e\000t\000w\000o\000r\000k\000s}{}% 13
\BOOKMARK [2][-]{subsection.5.1}{\376\377\0002\000.\0001\000\040\000N\000e\000t\000w\000o\000r\000k\000\040\000D\000e\000s\000i\000g\000n}{section.5}% 14
\BOOKMARK [2][-]{subsection.5.2}{\376\377\0002\000.\0002\000\040\000S\000w\000i\000t\000c\000h\000\040\000L\000e\000a\000r\000n\000i\000n\000g\000\040\000P\000r\000o\000c\000e\000s\000s\000\040\000-\000\040\000S\000i\000m\000u\000l\000a\000t\000i\000o\000n\000\040\000A\000n\000a\000l\000y\000s\000i\000s}{section.5}% 15
\BOOKMARK [3][-]{subsubsection.5.2.1}{\376\377\000S\000c\000e\000n\000a\000r\000i\000o\000\040\000A\000:\000\040\000P\000C\0001\000\040\000t\000o\000\040\000P\000C\0007}{subsection.5.2}% 16
\BOOKMARK [3][-]{subsubsection.5.2.2}{\376\377\000S\000c\000e\000n\000a\000r\000i\000o\000\040\000B\000:\000\040\000P\000C\0000\000\040\000t\000o\000\040\000P\000C\0009}{subsection.5.2}% 17
\BOOKMARK [3][-]{subsubsection.5.2.3}{\376\377\000S\000c\000e\000n\000a\000r\000i\000o\000\040\000C\000:\000\040\000S\000e\000r\000v\000e\000r\0000\000\040\000t\000o\000\040\000S\000e\000r\000v\000e\000r\0001}{subsection.5.2}% 18
\BOOKMARK [3][-]{subsubsection.5.2.4}{\376\377\000S\000c\000e\000n\000a\000r\000i\000o\000\040\000D\000:\000\040\000L\000a\000p\000t\000o\000p\0000\000\040\000t\000o\000\040\000L\000a\000p\000t\000o\000p\0001}{subsection.5.2}% 19
\BOOKMARK [2][-]{subsection.5.3}{\376\377\0002\000.\0003\000\040\000M\000A\000C\000\040\000A\000d\000d\000r\000e\000s\000s\000\040\000T\000a\000b\000l\000e\000\040\000C\000o\000n\000v\000e\000r\000g\000e\000n\000c\000e}{section.5}% 20
\BOOKMARK [2][-]{subsection.5.4}{\376\377\0002\000.\0004\000\040\000S\000p\000a\000n\000n\000i\000n\000g\000\040\000T\000r\000e\000e\000\040\000P\000r\000o\000t\000o\000c\000o\000l\000\040\000\050\000S\000T\000P\000\051}{section.5}% 21
\BOOKMARK [1][-]{section.6}{\376\377\000P\000a\000r\000t\000\040\0003\000:\000\040\000V\000L\000A\000N\000\040\000C\000o\000n\000f\000i\000g\000u\000r\000a\000t\000i\000o\000n}{}% 22
\BOOKMARK [2][-]{subsection.6.1}{\376\377\0003\000.\0001\000\040\000V\000L\000A\000N\000\040\000T\000o\000p\000o\000l\000o\000g\000y}{section.6}% 23
\BOOKMARK [2][-]{subsection.6.2}{\376\377\0003\000.\0002\000\040\000V\000L\000A\000N\000\040\000C\000o\000n\000f\000i\000g\000u\000r\000a\000t\000i\000o\000n\000\040\000C\000o\000m\000m\000a\000n\000d\000s}{section.6}% 24
\BOOKMARK [2][-]{subsection.6.3}{\376\377\0003\000.\0003\000\040\000T\000r\000u\000n\000k\000\040\000L\000i\000n\000k\000\040\000C\000o\000n\000f\000i\000g\000u\000r\000a\000t\000i\000o\000n}{section.6}% 25
\BOOKMARK [2][-]{subsection.6.4}{\376\377\0003\000.\0004\000\040\000V\000L\000A\000N\000\040\000C\000o\000n\000n\000e\000c\000t\000i\000v\000i\000t\000y\000\040\000T\000e\000s\000t\000i\000n\000g}{section.6}% 26
\BOOKMARK [2][-]{subsection.6.5}{\376\377\0003\000.\0005\000\040\000V\000L\000A\000N\000\040\000V\000e\000r\000i\000f\000i\000c\000a\000t\000i\000o\000n\000\040\000C\000o\000m\000m\000a\000n\000d\000s}{section.6}% 27
\BOOKMARK [2][-]{subsection.6.6}{\376\377\0003\000.\0006\000\040\000R\000u\000n\000n\000i\000n\000g\000\040\000C\000o\000n\000f\000i\000g\000u\000r\000a\000t\000i\000o\000n\000\040\000E\000x\000p\000o\000r\000t}{section.6}% 28
\BOOKMARK [1][-]{section.7}{\376\377\000P\000a\000r\000t\000\040\0004\000:\000\040\000W\000i\000r\000e\000l\000e\000s\000s\000\040\000N\000e\000t\000w\000o\000r\000k\000\040\000C\000o\000n\000f\000i\000g\000u\000r\000a\000t\000i\000o\000n}{}% 29
\BOOKMARK [2][-]{subsection.7.1}{\376\377\0004\000.\0001\000\040\000L\000a\000b\000o\000r\000a\000t\000o\000r\000y\000\040\000W\000i\000F\000i\000\040\000T\000o\000p\000o\000l\000o\000g\000y}{section.7}% 30
\BOOKMARK [2][-]{subsection.7.2}{\376\377\0004\000.\0002\000\040\000W\000i\000r\000e\000l\000e\000s\000s\000\040\000R\000o\000u\000t\000e\000r\000\040\000W\000e\000b\000\040\000C\000o\000n\000f\000i\000g\000u\000r\000a\000t\000i\000o\000n}{section.7}% 31
\BOOKMARK [2][-]{subsection.7.3}{\376\377\0004\000.\0003\000\040\000A\000c\000c\000e\000s\000s\000\040\000P\000o\000i\000n\000t\000\040\000C\000o\000n\000f\000i\000g\000u\000r\000a\000t\000i\000o\000n}{section.7}% 32
\BOOKMARK [2][-]{subsection.7.4}{\376\377\0004\000.\0004\000\040\000W\000i\000r\000e\000l\000e\000s\000s\000\040\000C\000l\000i\000e\000n\000t\000\040\000C\000o\000n\000n\000e\000c\000t\000i\000o\000n}{section.7}% 33
\BOOKMARK [2][-]{subsection.7.5}{\376\377\0004\000.\0008\000\040\000A\000R\000P\000\040\000T\000a\000b\000l\000e\000\040\000A\000n\000a\000l\000y\000s\000i\000s}{section.7}% 34
\BOOKMARK [2][-]{subsection.7.6}{\376\377\0004\000.\0009\000\040\000W\000i\000F\000i\000\040\000A\000n\000a\000l\000y\000z\000e\000r\000\040\000-\000\040\000L\000a\000b\000o\000r\000a\000t\000o\000r\000y\000\040\000N\000e\000t\000w\000o\000r\000k\000s}{section.7}% 35
\BOOKMARK [2][-]{subsection.7.7}{\376\377\0004\000.\0001\0000\000\040\000S\000S\000I\000D\000\040\000B\000r\000o\000a\000d\000c\000a\000s\000t\000\040\000T\000e\000s\000t\000\040\000-\000\040\000B\000e\000a\000c\000o\000n\000\040\000F\000r\000a\000m\000e\000s}{section.7}% 36
\BOOKMARK [1][-]{section.8}{\376\377\000P\000a\000r\000t\000\040\0005\000:\000\040\000A\000d\000v\000a\000n\000c\000e\000d\000\040\000W\000i\000r\000e\000l\000e\000s\000s\000\040\000a\000n\000d\000\040\000V\000L\000A\000N\000\040\000I\000n\000t\000e\000g\000r\000a\000t\000i\000o\000n}{}% 37
\BOOKMARK [2][-]{subsection.8.1}{\376\377\0005\000.\0001\000\040\000I\000n\000t\000e\000g\000r\000a\000t\000e\000d\000\040\000N\000e\000t\000w\000o\000r\000k\000\040\000D\000e\000s\000i\000g\000n}{section.8}% 38
\BOOKMARK [2][-]{subsection.8.2}{\376\377\0005\000.\0002\000\040\000V\000L\000A\000N\000\040\000a\000n\000d\000\040\000W\000i\000r\000e\000l\000e\000s\000s\000\040\000M\000a\000p\000p\000i\000n\000g}{section.8}% 39
\BOOKMARK [2][-]{subsection.8.3}{\376\377\0005\000.\0003\000\040\000C\000o\000n\000n\000e\000c\000t\000i\000v\000i\000t\000y\000\040\000M\000a\000t\000r\000i\000x}{section.8}% 40
\BOOKMARK [2][-]{subsection.8.4}{\376\377\0005\000.\0004\000\040\000S\000p\000e\000c\000i\000f\000i\000c\000\040\000P\000i\000n\000g\000\040\000T\000e\000s\000t\000\040\000R\000e\000s\000u\000l\000t\000s}{section.8}% 41
\BOOKMARK [1][-]{section.9}{\376\377\000P\000a\000r\000t\000\040\0006\000:\000\040\000N\000e\000t\000w\000o\000r\000k\000\040\000M\000o\000n\000i\000t\000o\000r\000i\000n\000g\000\040\000S\000c\000r\000i\000p\000t\000s}{}% 42
\BOOKMARK [2][-]{subsection.9.1}{\376\377\0006\000.\0001\000\040\000S\000l\000a\000c\000k\000w\000a\000r\000e\000\040\000M\000o\000n\000i\000t\000o\000r\000i\000n\000g\000\040\000S\000c\000r\000i\000p\000t}{section.9}% 43
\BOOKMARK [2][-]{subsection.9.2}{\376\377\0006\000.\0002\000\040\000V\000n\000s\000t\000a\000t\000\040\000I\000n\000s\000t\000a\000l\000l\000a\000t\000i\000o\000n\000\040\000a\000n\000d\000\040\000C\000o\000n\000f\000i\000g\000u\000r\000a\000t\000i\000o\000n}{section.9}% 44
\BOOKMARK [2][-]{subsection.9.3}{\376\377\0006\000.\0003\000\040\000W\000i\000n\000d\000o\000w\000s\000\040\000P\000o\000w\000e\000r\000S\000h\000e\000l\000l\000\040\000S\000c\000r\000i\000p\000t}{section.9}% 45
\BOOKMARK [1][-]{section.10}{\376\377\000P\000a\000r\000t\000\040\0007\000:\000\040\000D\000y\000n\000a\000m\000i\000c\000\040\000W\000e\000b\000\040\000A\000p\000p\000l\000i\000c\000a\000t\000i\000o\000n}{}% 46
\BOOKMARK [2][-]{subsection.10.1}{\376\377\0007\000.\0001\000\040\000A\000p\000p\000l\000i\000c\000a\000t\000i\000o\000n\000\040\000A\000r\000c\000h\000i\000t\000e\000c\000t\000u\000r\000e}{section.10}% 47
\BOOKMARK [2][-]{subsection.10.2}{\376\377\0007\000.\0002\000\040\000A\000z\000u\000r\000e\000\040\000S\000Q\000L\000\040\000D\000a\000t\000a\000b\000a\000s\000e\000\040\000C\000r\000e\000a\000t\000i\000o\000n}{section.10}% 48
\BOOKMARK [2][-]{subsection.10.3}{\376\377\0007\000.\0003\000\040\000N\000e\000t\000w\000o\000r\000k\000i\000n\000g\000\040\000C\000o\000n\000f\000i\000g\000u\000r\000a\000t\000i\000o\000n}{section.10}% 49
\BOOKMARK [2][-]{subsection.10.4}{\376\377\0007\000.\0004\000\040\000D\000a\000t\000a\000b\000a\000s\000e\000\040\000S\000c\000h\000e\000m\000a\000\040\000D\000e\000s\000i\000g\000n}{section.10}% 50
\BOOKMARK [2][-]{subsection.10.5}{\376\377\0007\000.\0005\000\040\000D\000a\000t\000a\000\040\000P\000o\000p\000u\000l\000a\000t\000i\000o\000n}{section.10}% 51
\BOOKMARK [2][-]{subsection.10.6}{\376\377\0007\000.\0006\000\040\000A\000z\000u\000r\000e\000\040\000Q\000u\000e\000r\000y\000\040\000E\000d\000i\000t\000o\000r\000\040\000-\000\040\000G\000r\000a\000d\000e\000\040\000C\000a\000l\000c\000u\000l\000a\000t\000o\000r}{section.10}% 52
\BOOKMARK [2][-]{subsection.10.7}{\376\377\0007\000.\0007\000\040\000R\000e\000m\000o\000t\000e\000\040\000C\000o\000n\000n\000e\000c\000t\000i\000o\000n\000\040\000w\000i\000t\000h\000\040\000D\000B\000e\000a\000v\000e\000r}{section.10}% 53
\BOOKMARK [2][-]{subsection.10.8}{\376\377\0007\000.\0008\000\040\000P\000e\000r\000f\000o\000r\000m\000a\000n\000c\000e\000\040\000M\000o\000n\000i\000t\000o\000r\000i\000n\000g}{section.10}% 54
\BOOKMARK [1][-]{section.11}{\376\377\000P\000a\000r\000t\000\040\0008\000:\000\040\000H\000o\000m\000e\000\040\000W\000i\000F\000i\000\040\000N\000e\000t\000w\000o\000r\000k\000\040\000A\000n\000a\000l\000y\000s\000i\000s}{}% 55
\BOOKMARK [2][-]{subsection.11.1}{\376\377\0009\000.\0001\000\040\000H\000o\000m\000e\000\040\000W\000i\000F\000i\000\040\000E\000n\000v\000i\000r\000o\000n\000m\000e\000n\000t\000\040\000A\000n\000a\000l\000y\000s\000i\000s}{section.11}% 56
\BOOKMARK [2][-]{subsection.11.2}{\376\377\0009\000.\0002\000\040\0002\000.\0004\000\040\000G\000H\000z\000\040\000B\000a\000n\000d\000\040\000A\000n\000a\000l\000y\000s\000i\000s}{section.11}% 57
\BOOKMARK [2][-]{subsection.11.3}{\376\377\0009\000.\0003\000\040\0005\000\040\000G\000H\000z\000\040\000B\000a\000n\000d\000\040\000A\000n\000a\000l\000y\000s\000i\000s}{section.11}% 58
\BOOKMARK [2][-]{subsection.11.4}{\376\377\0009\000.\0004\000\040\000B\000a\000n\000d\000\040\000C\000o\000m\000p\000a\000r\000i\000s\000o\000n}{section.11}% 59
\BOOKMARK [1][-]{section.12}{\376\377\000P\000a\000r\000t\000\040\0001\0000\000:\000\040\000M\000A\000C\000\040\000A\000d\000d\000r\000e\000s\000s\000\040\000F\000i\000l\000t\000e\000r\000i\000n\000g}{}% 60
\BOOKMARK [2][-]{subsection.12.1}{\376\377\0001\0000\000.\0001\000\040\000M\000A\000C\000\040\000F\000i\000l\000t\000e\000r\000i\000n\000g\000\040\000C\000o\000n\000f\000i\000g\000u\000r\000a\000t\000i\000o\000n}{section.12}% 61
\BOOKMARK [2][-]{subsection.12.2}{\376\377\0001\0000\000.\0002\000\040\000M\000A\000C\000\040\000F\000i\000l\000t\000e\000r\000i\000n\000g\000\040\000M\000o\000d\000e\000s}{section.12}% 62
\BOOKMARK [2][-]{subsection.12.3}{\376\377\0001\0000\000.\0003\000\040\000A\000d\000d\000i\000n\000g\000\040\000M\000A\000C\000\040\000A\000d\000d\000r\000e\000s\000s\000e\000s\000\040\000t\000o\000\040\000B\000l\000o\000c\000k\000\040\000L\000i\000s\000t}{section.12}% 63
\BOOKMARK [2][-]{subsection.12.4}{\376\377\0001\0000\000.\0004\000\040\000V\000e\000r\000i\000f\000i\000c\000a\000t\000i\000o\000n\000\040\000a\000n\000d\000\040\000T\000e\000s\000t\000i\000n\000g}{section.12}% 64
\BOOKMARK [2][-]{subsection.12.5}{\376\377\0001\0000\000.\0005\000\040\000S\000e\000c\000u\000r\000i\000t\000y\000\040\000C\000o\000n\000s\000i\000d\000e\000r\000a\000t\000i\000o\000n\000s}{section.12}% 65
\BOOKMARK [2][-]{subsection.12.6}{\376\377\0001\0000\000.\0006\000\040\000R\000e\000a\000l\000-\000W\000o\000r\000l\000d\000\040\000A\000p\000p\000l\000i\000c\000a\000t\000i\000o\000n}{section.12}% 66
\BOOKMARK [1][-]{section.13}{\376\377\000T\000h\000e\000o\000r\000e\000t\000i\000c\000a\000l\000\040\000Q\000u\000e\000s\000t\000i\000o\000n\000s\000\040\000A\000n\000a\000l\000y\000s\000i\000s}{}% 67
\BOOKMARK [2][-]{subsection.13.1}{\376\377\000Q\000u\000e\000s\000t\000i\000o\000n\000\040\0001\000:\000\040\000S\000w\000i\000t\000c\000h\000\040\000F\000r\000a\000m\000e\000\040\000F\000o\000r\000w\000a\000r\000d\000i\000n\000g\000\040\000B\000e\000h\000a\000v\000i\000o\000r}{section.13}% 68
\BOOKMARK [2][-]{subsection.13.2}{\376\377\000Q\000u\000e\000s\000t\000i\000o\000n\000\040\0002\000:\000\040\000T\000r\000u\000n\000k\000\040\000L\000i\000n\000k\000\040\000P\000u\000r\000p\000o\000s\000e}{section.13}% 69
\BOOKMARK [1][-]{section.14}{\376\377\000C\000o\000n\000c\000l\000u\000s\000i\000o\000n\000s}{}% 70
\BOOKMARK [1][-]{section.15}{\376\377\000R\000e\000f\000e\000r\000e\000n\000c\000e\000s}{}% 71
